<?xml version="1.0" encoding="UTF-8"?>
<!-- Generated by org.testng.reporters.JUnitReportReporter -->
<testsuite skipped="0" hostname="LAPTOP-N0G0NBDP" name="com.qa.AppiumScripts.Annotations" tests="4" failures="0" timestamp="06 Jun 2021 16:06:08 GMT" time="0.021" errors="0">
  <testcase name="loginTest" time="0.010" classname="com.qa.AppiumScripts.Annotations"/>
  <testcase name="CreateEmail" time="0.002" classname="com.qa.AppiumScripts.Annotations"/>
  <testcase name="ModifyEmail" time="0.005" classname="com.qa.AppiumScripts.Annotations"/>
  <testcase name="DeleteEmail" time="0.004" classname="com.qa.AppiumScripts.Annotations"/>
</testsuite> <!-- com.qa.AppiumScripts.Annotations -->
