<?xml version="1.0" encoding="UTF-8"?>
<!-- Generated by org.testng.reporters.JUnitReportReporter -->
<testsuite skipped="0" hostname="LAPTOP-N0G0NBDP" name="appiumScripts.SwipeTest" tests="1" failures="0" timestamp="06 Jun 2021 16:46:54 GMT" time="26.519" errors="0">
  <testcase name="setup" time="26.519" classname="appiumScripts.SwipeTest"/>
</testsuite> <!-- appiumScripts.SwipeTest -->
