<?xml version="1.0" encoding="UTF-8"?>
<!-- Generated by org.testng.reporters.JUnitReportReporter -->
<testsuite skipped="0" hostname="LAPTOP-N0G0NBDP" name="appiumScripts.SwipeTest" tests="1" failures="0" timestamp="06 Jun 2021 17:35:35 GMT" time="29.927" errors="0">
  <testcase name="setup" time="29.927" classname="appiumScripts.SwipeTest"/>
</testsuite> <!-- appiumScripts.SwipeTest -->
